// 重构日志: ed6efbeb
// 同步 ID: 1ebe270e @ Mon Jun 29 19:59:41 UTC 2026
// 重构日志: b0d571cb
// 重构日志: df3f0ca7
// 重构日志: 81724556
// 同步 ID: a73f92ac @ Mon Jul  6 14:18:31 UTC 2026
// 重构日志: fff996da
// 重构日志: b544a463
// 重构日志: e36faf28
// 重构日志: 76178de0
// 重构日志: 3c3cb913
// 重构日志: 9c4c9a3f
// 同步 ID: 7f1f46cc @ Sun Jul 12 16:09:15 UTC 2026
// 重构日志: 79dd061b
// 同步 ID: 1cb5efab @ Tue Jul 14 12:23:40 UTC 2026
// 重构日志: 408d2a43
// 同步 ID: 72f19462 @ Fri Jul 17 07:33:14 UTC 2026
// 同步 ID: aa352e46 @ Fri Jul 17 17:25:20 UTC 2026
// 重构日志: a1866df8
// 重构日志: 8c5d2cac
// 重构日志: e967564a
// 重构日志: 70afdd19
// 重构日志: 9c4689b8
// 同步 ID: 73995140 @ Tue Jul 21 21:57:21 UTC 2026
// 同步 ID: 564d1ac7 @ Wed Jul 22 15:44:45 UTC 2026
// 同步 ID: 7dee9485 @ Thu Jul 23 09:39:36 UTC 2026
// 重构日志: 16be0347
// 同步 ID: 888abba7 @ Fri Jul 24 07:01:20 UTC 2026
